/*Question 72: Print All Subarrays
Description:
Print all possible subarrays of array size n.
Input:
[1,2,3]

Output:
[1] [1,2] [1,2,3] [2] [2,3] [3]*/


class SubarraysAraay
 {
   public static void main(String[]args)
	 {
		 Scanner sc=new Scanner(System.in);
		  System.out.println("enter the array size");
		  int size =sc.nextInt();
		  int a[]=new int[size];
		  System.out.println("enter the array element");
		  
		  for(int i=0;i<a.length;i++)
		  {
			  a[i]=sc.nextInt();
		  }
		  for(int i=0;i<a.length;i++)
		  { 
		   
		  for(int j=0;j<a.length;j++)
		  
		  
		  }
   }
